<?xml version="1.0" encoding="UTF-8"?>
<testsuite xmlns:xsi="http://www.w3.org/2001/XMLSchema-instance" xsi:noNamespaceSchemaLocation="https://maven.apache.org/surefire/maven-surefire-plugin/xsd/surefire-test-report.xsd" name="io.sim.AppTest" time="0.01" tests="0" errors="0" skipped="0" failures="0">
  <properties>
    <property name="java.specification.version" value="21"/>
    <property name="sun.cpu.isalist" value="amd64"/>
    <property name="sun.jnu.encoding" value="Cp1252"/>
    <property name="java.class.path" value="C:\Users\Technolog-02\Desktop\Simulação\sim2\target\test-classes;C:\Users\Technolog-02\Desktop\Simulação\sim2\target\classes;C:\Users\Technolog-02\.m2\repository\com\fasterxml\jackson\core\jackson-databind\2.13.0\jackson-databind-2.13.0.jar;C:\Users\Technolog-02\.m2\repository\com\fasterxml\jackson\core\jackson-annotations\2.13.0\jackson-annotations-2.13.0.jar;C:\Users\Technolog-02\.m2\repository\com\fasterxml\jackson\core\jackson-core\2.13.0\jackson-core-2.13.0.jar;C:\Users\Technolog-02\.m2\repository\org\json\json\20210307\json-20210307.jar;C:\Users\Technolog-02\.m2\repository\com\fasterxml\jackson\dataformat\jackson-dataformat-xml\2.13.0\jackson-dataformat-xml-2.13.0.jar;C:\Users\Technolog-02\.m2\repository\org\codehaus\woodstox\stax2-api\4.2.1\stax2-api-4.2.1.jar;C:\Users\Technolog-02\.m2\repository\com\fasterxml\woodstox\woodstox-core\6.2.6\woodstox-core-6.2.6.jar;C:\Users\Technolog-02\.m2\repository\org\slf4j\slf4j-api\2.0.7\slf4j-api-2.0.7.jar;C:\Users\Technolog-02\.m2\repository\xerces\xercesImpl\2.12.2\xercesImpl-2.12.2.jar;C:\Users\Technolog-02\.m2\repository\xml-apis\xml-apis\1.4.01\xml-apis-1.4.01.jar;C:\Users\Technolog-02\.m2\repository\org\hamcrest\hamcrest-core\1.3\hamcrest-core-1.3.jar;C:\Users\Technolog-02\.m2\repository\junit\junit\junit\junit-junit.jar;C:\Users\Technolog-02\.m2\repository\libsumo-1\18\0\libsumo-1.18.0\1.18.0\libsumo-1.18.0-1.18.0.jar;C:\Users\Technolog-02\.m2\repository\libsumo-1\18\0\libsumo-1.18.0-sources\1.18.0\libsumo-1.18.0-sources-1.18.0-sources.jar;C:\Users\Technolog-02\.m2\repository\libtraci-1\18\0\libtraci-1.18.0\1.18.0\libtraci-1.18.0-1.18.0.jar;C:\Users\Technolog-02\.m2\repository\libtraci-1\18\0\libtraci-1.18.0-sources\1.18.0\libtraci-1.18.0-sources-1.18.0-sources.jar;C:\Users\Technolog-02\.m2\repository\lisum-core\lisum-core\1.0.0\lisum-core-1.0.0.jar;C:\Users\Technolog-02\.m2\repository\lisum-gui\lisum-gui\1.0.0\lisum-gui-1.0.0.jar;C:\Users\Technolog-02\.m2\repository\TraaS\TraaS\1.0.0\TraaS-1.0.0.jar;C:\Users\Technolog-02\.m2\repository\org\python\jython-slim\2.7.3\jython-slim-2.7.3.jar;C:\Users\Technolog-02\.m2\repository\org\antlr\antlr\3.5.2\antlr-3.5.2.jar;C:\Users\Technolog-02\.m2\repository\org\antlr\ST4\4.0.8\ST4-4.0.8.jar;C:\Users\Technolog-02\.m2\repository\javax\servlet\javax.servlet-api\3.1.0\javax.servlet-api-3.1.0.jar;C:\Users\Technolog-02\.m2\repository\org\antlr\antlr-runtime\3.5.2\antlr-runtime-3.5.2.jar;C:\Users\Technolog-02\.m2\repository\org\apache\commons\commons-compress\1.21\commons-compress-1.21.jar;C:\Users\Technolog-02\.m2\repository\org\bouncycastle\bcpkix-jdk18on\1.71\bcpkix-jdk18on-1.71.jar;C:\Users\Technolog-02\.m2\repository\org\bouncycastle\bcutil-jdk18on\1.71\bcutil-jdk18on-1.71.jar;C:\Users\Technolog-02\.m2\repository\org\bouncycastle\bcprov-jdk18on\1.71\bcprov-jdk18on-1.71.jar;C:\Users\Technolog-02\.m2\repository\org\ow2\asm\asm\9.3\asm-9.3.jar;C:\Users\Technolog-02\.m2\repository\org\ow2\asm\asm-commons\9.3\asm-commons-9.3.jar;C:\Users\Technolog-02\.m2\repository\org\ow2\asm\asm-tree\9.3\asm-tree-9.3.jar;C:\Users\Technolog-02\.m2\repository\org\ow2\asm\asm-analysis\9.3\asm-analysis-9.3.jar;C:\Users\Technolog-02\.m2\repository\org\ow2\asm\asm-util\9.3\asm-util-9.3.jar;C:\Users\Technolog-02\.m2\repository\com\google\guava\guava\31.0.1-jre\guava-31.0.1-jre.jar;C:\Users\Technolog-02\.m2\repository\com\google\guava\failureaccess\1.0.1\failureaccess-1.0.1.jar;C:\Users\Technolog-02\.m2\repository\com\google\guava\listenablefuture\9999.0-empty-to-avoid-conflict-with-guava\listenablefuture-9999.0-empty-to-avoid-conflict-with-guava.jar;C:\Users\Technolog-02\.m2\repository\com\google\code\findbugs\jsr305\3.0.2\jsr305-3.0.2.jar;C:\Users\Technolog-02\.m2\repository\org\checkerframework\checker-qual\3.12.0\checker-qual-3.12.0.jar;C:\Users\Technolog-02\.m2\repository\com\google\errorprone\error_prone_annotations\2.7.1\error_prone_annotations-2.7.1.jar;C:\Users\Technolog-02\.m2\repository\com\google\j2objc\j2objc-annotations\1.3\j2objc-annotations-1.3.jar;C:\Users\Technolog-02\.m2\repository\com\ibm\icu\icu4j\71.1\icu4j-71.1.jar;C:\Users\Technolog-02\.m2\repository\com\carrotsearch\java-sizeof\0.0.5\java-sizeof-0.0.5.jar;C:\Users\Technolog-02\.m2\repository\com\github\jnr\jffi\1.3.9\jffi-1.3.9.jar;C:\Users\Technolog-02\.m2\repository\com\github\jnr\jnr-constants\0.10.3\jnr-constants-0.10.3.jar;C:\Users\Technolog-02\.m2\repository\com\github\jnr\jnr-ffi\2.2.12\jnr-ffi-2.2.12.jar;C:\Users\Technolog-02\.m2\repository\com\github\jnr\jffi\1.3.9\jffi-1.3.9-native.jar;C:\Users\Technolog-02\.m2\repository\com\github\jnr\jnr-a64asm\1.0.0\jnr-a64asm-1.0.0.jar;C:\Users\Technolog-02\.m2\repository\com\github\jnr\jnr-x86asm\1.0.2\jnr-x86asm-1.0.2.jar;C:\Users\Technolog-02\.m2\repository\com\github\jnr\jnr-netdb\1.2.0\jnr-netdb-1.2.0.jar;C:\Users\Technolog-02\.m2\repository\com\github\jnr\jnr-posix\3.1.15\jnr-posix-3.1.15.jar;C:\Users\Technolog-02\.m2\repository\jline\jline\2.14.5\jline-2.14.5.jar;C:\Users\Technolog-02\.m2\repository\io\netty\netty-buffer\4.1.73.Final\netty-buffer-4.1.73.Final.jar;C:\Users\Technolog-02\.m2\repository\io\netty\netty-codec\4.1.73.Final\netty-codec-4.1.73.Final.jar;C:\Users\Technolog-02\.m2\repository\io\netty\netty-common\4.1.73.Final\netty-common-4.1.73.Final.jar;C:\Users\Technolog-02\.m2\repository\io\netty\netty-handler\4.1.73.Final\netty-handler-4.1.73.Final.jar;C:\Users\Technolog-02\.m2\repository\io\netty\netty-tcnative-classes\2.0.46.Final\netty-tcnative-classes-2.0.46.Final.jar;C:\Users\Technolog-02\.m2\repository\io\netty\netty-resolver\4.1.73.Final\netty-resolver-4.1.73.Final.jar;C:\Users\Technolog-02\.m2\repository\io\netty\netty-transport\4.1.73.Final\netty-transport-4.1.73.Final.jar;C:\Users\Technolog-02\.m2\repository\org\apache\ant\ant\1.10.12\ant-1.10.12.jar;C:\Users\Technolog-02\.m2\repository\org\apache\ant\ant-launcher\1.10.12\ant-launcher-1.10.12.jar;"/>
    <property name="java.vm.vendor" value="Oracle Corporation"/>
    <property name="sun.arch.data.model" value="64"/>
    <property name="user.variant" value=""/>
    <property name="java.vendor.url" value="https://java.oracle.com/"/>
    <property name="user.timezone" value="America/Sao_Paulo"/>
    <property name="os.name" value="Windows 11"/>
    <property name="java.vm.specification.version" value="21"/>
    <property name="sun.java.launcher" value="SUN_STANDARD"/>
    <property name="user.country" value="BR"/>
    <property name="sun.boot.library.path" value="C:\Program Files\Java\jdk-21\bin"/>
    <property name="sun.java.command" value="C:\Users\TECHNO~1\AppData\Local\Temp\surefire2861712138673563726\surefirebooter11831680009762964461.jar C:\Users\Technolog-02\AppData\Local\Temp\surefire2861712138673563726 2023-11-01T14-37-58_476-jvmRun1 surefire6239354158950940691tmp surefire_016088317845144013798tmp"/>
    <property name="jdk.debug" value="release"/>
    <property name="surefire.test.class.path" value="C:\Users\Technolog-02\Desktop\Simulação\sim2\target\test-classes;C:\Users\Technolog-02\Desktop\Simulação\sim2\target\classes;C:\Users\Technolog-02\.m2\repository\com\fasterxml\jackson\core\jackson-databind\2.13.0\jackson-databind-2.13.0.jar;C:\Users\Technolog-02\.m2\repository\com\fasterxml\jackson\core\jackson-annotations\2.13.0\jackson-annotations-2.13.0.jar;C:\Users\Technolog-02\.m2\repository\com\fasterxml\jackson\core\jackson-core\2.13.0\jackson-core-2.13.0.jar;C:\Users\Technolog-02\.m2\repository\org\json\json\20210307\json-20210307.jar;C:\Users\Technolog-02\.m2\repository\com\fasterxml\jackson\dataformat\jackson-dataformat-xml\2.13.0\jackson-dataformat-xml-2.13.0.jar;C:\Users\Technolog-02\.m2\repository\org\codehaus\woodstox\stax2-api\4.2.1\stax2-api-4.2.1.jar;C:\Users\Technolog-02\.m2\repository\com\fasterxml\woodstox\woodstox-core\6.2.6\woodstox-core-6.2.6.jar;C:\Users\Technolog-02\.m2\repository\org\slf4j\slf4j-api\2.0.7\slf4j-api-2.0.7.jar;C:\Users\Technolog-02\.m2\repository\xerces\xercesImpl\2.12.2\xercesImpl-2.12.2.jar;C:\Users\Technolog-02\.m2\repository\xml-apis\xml-apis\1.4.01\xml-apis-1.4.01.jar;C:\Users\Technolog-02\.m2\repository\org\hamcrest\hamcrest-core\1.3\hamcrest-core-1.3.jar;C:\Users\Technolog-02\.m2\repository\junit\junit\junit\junit-junit.jar;C:\Users\Technolog-02\.m2\repository\libsumo-1\18\0\libsumo-1.18.0\1.18.0\libsumo-1.18.0-1.18.0.jar;C:\Users\Technolog-02\.m2\repository\libsumo-1\18\0\libsumo-1.18.0-sources\1.18.0\libsumo-1.18.0-sources-1.18.0-sources.jar;C:\Users\Technolog-02\.m2\repository\libtraci-1\18\0\libtraci-1.18.0\1.18.0\libtraci-1.18.0-1.18.0.jar;C:\Users\Technolog-02\.m2\repository\libtraci-1\18\0\libtraci-1.18.0-sources\1.18.0\libtraci-1.18.0-sources-1.18.0-sources.jar;C:\Users\Technolog-02\.m2\repository\lisum-core\lisum-core\1.0.0\lisum-core-1.0.0.jar;C:\Users\Technolog-02\.m2\repository\lisum-gui\lisum-gui\1.0.0\lisum-gui-1.0.0.jar;C:\Users\Technolog-02\.m2\repository\TraaS\TraaS\1.0.0\TraaS-1.0.0.jar;C:\Users\Technolog-02\.m2\repository\org\python\jython-slim\2.7.3\jython-slim-2.7.3.jar;C:\Users\Technolog-02\.m2\repository\org\antlr\antlr\3.5.2\antlr-3.5.2.jar;C:\Users\Technolog-02\.m2\repository\org\antlr\ST4\4.0.8\ST4-4.0.8.jar;C:\Users\Technolog-02\.m2\repository\javax\servlet\javax.servlet-api\3.1.0\javax.servlet-api-3.1.0.jar;C:\Users\Technolog-02\.m2\repository\org\antlr\antlr-runtime\3.5.2\antlr-runtime-3.5.2.jar;C:\Users\Technolog-02\.m2\repository\org\apache\commons\commons-compress\1.21\commons-compress-1.21.jar;C:\Users\Technolog-02\.m2\repository\org\bouncycastle\bcpkix-jdk18on\1.71\bcpkix-jdk18on-1.71.jar;C:\Users\Technolog-02\.m2\repository\org\bouncycastle\bcutil-jdk18on\1.71\bcutil-jdk18on-1.71.jar;C:\Users\Technolog-02\.m2\repository\org\bouncycastle\bcprov-jdk18on\1.71\bcprov-jdk18on-1.71.jar;C:\Users\Technolog-02\.m2\repository\org\ow2\asm\asm\9.3\asm-9.3.jar;C:\Users\Technolog-02\.m2\repository\org\ow2\asm\asm-commons\9.3\asm-commons-9.3.jar;C:\Users\Technolog-02\.m2\repository\org\ow2\asm\asm-tree\9.3\asm-tree-9.3.jar;C:\Users\Technolog-02\.m2\repository\org\ow2\asm\asm-analysis\9.3\asm-analysis-9.3.jar;C:\Users\Technolog-02\.m2\repository\org\ow2\asm\asm-util\9.3\asm-util-9.3.jar;C:\Users\Technolog-02\.m2\repository\com\google\guava\guava\31.0.1-jre\guava-31.0.1-jre.jar;C:\Users\Technolog-02\.m2\repository\com\google\guava\failureaccess\1.0.1\failureaccess-1.0.1.jar;C:\Users\Technolog-02\.m2\repository\com\google\guava\listenablefuture\9999.0-empty-to-avoid-conflict-with-guava\listenablefuture-9999.0-empty-to-avoid-conflict-with-guava.jar;C:\Users\Technolog-02\.m2\repository\com\google\code\findbugs\jsr305\3.0.2\jsr305-3.0.2.jar;C:\Users\Technolog-02\.m2\repository\org\checkerframework\checker-qual\3.12.0\checker-qual-3.12.0.jar;C:\Users\Technolog-02\.m2\repository\com\google\errorprone\error_prone_annotations\2.7.1\error_prone_annotations-2.7.1.jar;C:\Users\Technolog-02\.m2\repository\com\google\j2objc\j2objc-annotations\1.3\j2objc-annotations-1.3.jar;C:\Users\Technolog-02\.m2\repository\com\ibm\icu\icu4j\71.1\icu4j-71.1.jar;C:\Users\Technolog-02\.m2\repository\com\carrotsearch\java-sizeof\0.0.5\java-sizeof-0.0.5.jar;C:\Users\Technolog-02\.m2\repository\com\github\jnr\jffi\1.3.9\jffi-1.3.9.jar;C:\Users\Technolog-02\.m2\repository\com\github\jnr\jnr-constants\0.10.3\jnr-constants-0.10.3.jar;C:\Users\Technolog-02\.m2\repository\com\github\jnr\jnr-ffi\2.2.12\jnr-ffi-2.2.12.jar;C:\Users\Technolog-02\.m2\repository\com\github\jnr\jffi\1.3.9\jffi-1.3.9-native.jar;C:\Users\Technolog-02\.m2\repository\com\github\jnr\jnr-a64asm\1.0.0\jnr-a64asm-1.0.0.jar;C:\Users\Technolog-02\.m2\repository\com\github\jnr\jnr-x86asm\1.0.2\jnr-x86asm-1.0.2.jar;C:\Users\Technolog-02\.m2\repository\com\github\jnr\jnr-netdb\1.2.0\jnr-netdb-1.2.0.jar;C:\Users\Technolog-02\.m2\repository\com\github\jnr\jnr-posix\3.1.15\jnr-posix-3.1.15.jar;C:\Users\Technolog-02\.m2\repository\jline\jline\2.14.5\jline-2.14.5.jar;C:\Users\Technolog-02\.m2\repository\io\netty\netty-buffer\4.1.73.Final\netty-buffer-4.1.73.Final.jar;C:\Users\Technolog-02\.m2\repository\io\netty\netty-codec\4.1.73.Final\netty-codec-4.1.73.Final.jar;C:\Users\Technolog-02\.m2\repository\io\netty\netty-common\4.1.73.Final\netty-common-4.1.73.Final.jar;C:\Users\Technolog-02\.m2\repository\io\netty\netty-handler\4.1.73.Final\netty-handler-4.1.73.Final.jar;C:\Users\Technolog-02\.m2\repository\io\netty\netty-tcnative-classes\2.0.46.Final\netty-tcnative-classes-2.0.46.Final.jar;C:\Users\Technolog-02\.m2\repository\io\netty\netty-resolver\4.1.73.Final\netty-resolver-4.1.73.Final.jar;C:\Users\Technolog-02\.m2\repository\io\netty\netty-transport\4.1.73.Final\netty-transport-4.1.73.Final.jar;C:\Users\Technolog-02\.m2\repository\org\apache\ant\ant\1.10.12\ant-1.10.12.jar;C:\Users\Technolog-02\.m2\repository\org\apache\ant\ant-launcher\1.10.12\ant-launcher-1.10.12.jar;"/>
    <property name="sun.cpu.endian" value="little"/>
    <property name="user.home" value="C:\Users\Technolog-02"/>
    <property name="user.language" value="pt"/>
    <property name="java.specification.vendor" value="Oracle Corporation"/>
    <property name="java.version.date" value="2023-09-19"/>
    <property name="java.home" value="C:\Program Files\Java\jdk-21"/>
    <property name="file.separator" value="\"/>
    <property name="basedir" value="C:\Users\Technolog-02\Desktop\Simulação\sim2"/>
    <property name="java.vm.compressedOopsMode" value="32-bit"/>
    <property name="line.separator" value="&#10;"/>
    <property name="java.vm.specification.vendor" value="Oracle Corporation"/>
    <property name="java.specification.name" value="Java Platform API Specification"/>
    <property name="surefire.real.class.path" value="C:\Users\TECHNO~1\AppData\Local\Temp\surefire2861712138673563726\surefirebooter11831680009762964461.jar"/>
    <property name="user.script" value=""/>
    <property name="sun.management.compiler" value="HotSpot 64-Bit Tiered Compilers"/>
    <property name="java.runtime.version" value="21+35-LTS-2513"/>
    <property name="user.name" value="Technolog"/>
    <property name="stdout.encoding" value="Cp1252"/>
    <property name="path.separator" value=";"/>
    <property name="os.version" value="10.0"/>
    <property name="java.runtime.name" value="Java(TM) SE Runtime Environment"/>
    <property name="file.encoding" value="UTF-8"/>
    <property name="java.vm.name" value="Java HotSpot(TM) 64-Bit Server VM"/>
    <property name="localRepository" value="C:\Users\Technolog-02\.m2\repository"/>
    <property name="java.vendor.url.bug" value="https://bugreport.java.com/bugreport/"/>
    <property name="java.io.tmpdir" value="C:\Users\TECHNO~1\AppData\Local\Temp\"/>
    <property name="java.version" value="21"/>
    <property name="user.dir" value="C:\Users\Technolog-02\Desktop\Simulação\sim2"/>
    <property name="os.arch" value="amd64"/>
    <property name="java.vm.specification.name" value="Java Virtual Machine Specification"/>
    <property name="sun.os.patch.level" value=""/>
    <property name="native.encoding" value="Cp1252"/>
    <property name="java.library.path" value="C:\Program Files\Java\jdk-21\bin;C:\Windows\Sun\Java\bin;C:\Windows\system32;C:\Windows;C:\Program Files\Common Files\Oracle\Java\javapath;C:\Windows\system32;C:\Windows;C:\Windows\System32\Wbem;C:\Windows\System32\WindowsPowerShell\v1.0\;C:\Windows\System32\OpenSSH\;C:\Program Files\dotnet\;C:\Program Files (x86)\Intel\Intel(R) Management Engine Components\DAL;C:\Program Files\Intel\Intel(R) Management Engine Components\DAL;C:\apache-maven-3.9.5\bin;C:\Program Files\Git\cmd;C:\Program Files (x86)\Eclipse\Sumo\bin\;C:\Program Files (x86)\Eclipse\Sumo\tools\;C:\Users\Technolog-02\AppData\Local\Microsoft\WindowsApps;;C:\Users\Technolog-02\AppData\Local\Programs\Microsoft VS Code\bin;."/>
    <property name="java.vm.info" value="mixed mode, sharing"/>
    <property name="stderr.encoding" value="Cp1252"/>
    <property name="java.vendor" value="Oracle Corporation"/>
    <property name="java.vm.version" value="21+35-LTS-2513"/>
    <property name="sun.io.unicode.encoding" value="UnicodeLittle"/>
    <property name="java.class.version" value="65.0"/>
  </properties>
</testsuite>